<?xml version="1.0" encoding="UTF-8" ?>
<testsuite tests="10" failures="0" name="TicketManagement.service.TicketServiceImplTest" time="1.042" errors="0" skipped="0">
  <properties>
[...]
</properties>
  <testcase classname="TicketManagement.service.TicketServiceImplTest" name="testReserveSeats" time="0.29"/>
  <testcase classname="TicketManagement.service.TicketServiceImplTest" name="testNumOfSeatsAvailableForALevelPositive" time="0.006"/>
  <testcase classname="TicketManagement.service.TicketServiceImplTest" name="testFindAndHoldSeatsCase4" time="0.006"/>
  <testcase classname="TicketManagement.service.TicketServiceImplTest" name="testCancelHeldSeats" time="0.006"/>
  <testcase classname="TicketManagement.service.TicketServiceImplTest" name="testNumOfSeatsAvailableNegative" time="0.006"/>
  <testcase classname="TicketManagement.service.TicketServiceImplTest" name="testFindAndHoldSeatsCase3" time="0.006"/>
  <testcase classname="TicketManagement.service.TicketServiceImplTest" name="testFindAndHoldSeatsCase2" time="0.009"/>
  <testcase classname="TicketManagement.service.TicketServiceImplTest" name="testNumOfSeatsAvailablePositive" time="0.013"/>
  <testcase classname="TicketManagement.service.TicketServiceImplTest" name="testFindAndHoldSeatsCase1" time="0.009"/>
  <testcase classname="TicketManagement.service.TicketServiceImplTest" name="testFindAndHoldSeatsNegative" time="0.006"/>
</testsuite>